<?xml version="1.0" encoding="UTF-8"?>
<!-- Generated by org.testng.reporters.JUnitReportReporter -->
<testsuite hostname="HOME-PC" failures="0" tests="2" name="com.mystore.testcases.HomePageTest" time="46.828" errors="0" timestamp="2021-08-24T09:36:09 IST" skipped="0">
  <testcase classname="com.mystore.testcases.HomePageTest" name="wishListTest" time="22.538"/>
  <system-out/>
  <testcase classname="com.mystore.testcases.HomePageTest" name="orderHistoryandDetailsTest" time="24.290"/>
  <system-out/>
</testsuite> <!-- com.mystore.testcases.HomePageTest -->
