<?xml version="1.0" encoding="UTF-8"?>
<!-- Generated by org.testng.reporters.JUnitReportReporter -->
<testsuite hostname="HOME-PC" failures="0" tests="1" name="com.mystore.testcases.LoginPageTest" time="51.655" errors="0" timestamp="2021-08-24T09:36:09 IST" skipped="0">
  <testcase classname="com.mystore.testcases.LoginPageTest" name="loginTest" time="51.655"/>
  <system-out/>
</testsuite> <!-- com.mystore.testcases.LoginPageTest -->
