<?xml version="1.0" encoding="UTF-8"?>
<!-- Generated by org.testng.reporters.JUnitReportReporter -->
<testsuite hostname="HOME-PC" failures="0" tests="1" name="com.mystore.testcases.SearchResultPageTest" time="25.077" errors="0" timestamp="2021-08-24T09:36:09 IST" skipped="0">
  <testcase classname="com.mystore.testcases.SearchResultPageTest" name="productAvailabilityTest" time="25.077"/>
  <system-out/>
</testsuite> <!-- com.mystore.testcases.SearchResultPageTest -->
